0 info it worked if it ends with ok
1 verbose cli [ 'D:\\Program Files\\Front-End\\nodejs\\8.9.1\\node.exe',
1 verbose cli   'C:\\Users\\hasee\\AppData\\Roaming\\npm\\node_modules\\cnpm\\node_modules\\npm\\bin\\npm-cli.js',
1 verbose cli   '--userconfig=C:\\Users\\hasee\\.cnpmrc',
1 verbose cli   '--disturl=https://npm.taobao.org/mirrors/node',
1 verbose cli   '--registry=https://registry.npm.taobao.org',
1 verbose cli   'start' ]
2 info using npm@3.10.10
3 info using node@v8.9.1
4 verbose run-script [ 'prestart', 'start', 'poststart' ]
5 info lifecycle 01create-react-app@1.0.0~prestart: 01create-react-app@1.0.0
6 silly lifecycle 01create-react-app@1.0.0~prestart: no script for prestart, continuing
7 info lifecycle 01create-react-app@1.0.0~start: 01create-react-app@1.0.0
8 verbose lifecycle 01create-react-app@1.0.0~start: unsafe-perm in lifecycle true
9 verbose lifecycle 01create-react-app@1.0.0~start: PATH: C:\Users\hasee\AppData\Roaming\npm\node_modules\cnpm\node_modules\npm\bin\node-gyp-bin;F:\Front-End\react\react-study\01create-react-app\node_modules\.bin;C:\Users\hasee\bin;D:\Program Files\Front-End\Git\mingw64\bin;D:\Program Files\Front-End\Git\usr\local\bin;D:\Program Files\Front-End\Git\usr\bin;D:\Program Files\Front-End\Git\usr\bin;D:\Program Files\Front-End\Git\mingw64\bin;D:\Program Files\Front-End\Git\usr\bin;C:\Users\hasee\bin;C:\Program Files\NVIDIA GPU Computing Toolkit\CUDA\v8.0\bin;C:\Program Files\NVIDIA GPU Computing Toolkit\CUDA\v8.0\libnvvp;C:\Windows\system32;C:\Windows;C:\Windows\System32\Wbem;C:\Windows\System32\WindowsPowerShell\v1.0;D:\Program Files\Front-End\Git\cmd;D:\Program Files\Work\runtime\win64;D:\Program Files\Work\bin;D:\Program Files\Work\polyspace\bin;D:\Program Files\Work\MATLAB\runtime\win64;D:\Program Files\Work\MATLAB\bin;D:\Program Files\Work\MATLAB\polyspace\bin;D:\Program Files\Front-End\node\C;D:\Program Files\Front-End\Git\Program Files\Java\jdk1.8.0_131\bin;C:\Program Files\Java\jdk1.8.0_131\jre\bin;D:\Program Files\Front-End\apache-maven-3.5.0-bin\apache-maven-3.5.0\bin;D:\Program Files\Front-End\package\package\php;D:\Program Files\Front-End\package\package\Arcanist\arcanist\bin;D:\Program Files\Front-End\Yarn\bin;D:\Program Files\Work\MongoDB\Server\3.4\bin;D:\Program Files\Computer-learning\phantomjs-2.1.1-windows\bin;C:\Program Files\MySQL\MySQL Server 5.5\bin;C:\Users\hasee\AppData\Local\Programs\Python\Python35;C:\Users\hasee\AppData\Local\Programs\Python\Python35\Scripts;C:\tools\cuda\bin;C:\Program Files (x86)\NVIDIA Corporation\PhysX\Common;C:\Program Files\NVIDIA GPU Computing Toolkit\CUDA\v8.0\lib\x64;C:\Program Files\NVIDIA GPU Computing Toolkit\CUDA\v8.0\bin ;C:\ProgramData\NVIDIA Corporation\CUDA Samples\v8.0 \common\lib\x64 ;C:\ProgramData\NVIDIA Corporation\CUDA Samples\v8.0 \bin\win64;C:\Program Files\NVIDIA GPU Computing Toolkit\CUDA\v8.0\lib\x64;C:\Program Files\NVIDIA GPU Computing ;Toolkit\CUDA\v8.0\bin;C:\ProgramData\NVIDIA Corporation\CUDA Samples\v8.0\common\lib\x64;C:\ProgramData\NVIDIA Corporation\CUDA Samples\v8.0\bin\win64;D:\Program D;D:\Program Files\Front-End\Git\Program Files\Front-End\node;D:\Program Files\Front-End\.nvmw;D:\Program Files\Front-End\nvm;C:\Program Files\nodejs;C:\texlive\2015\bin\win32;D:\安装包\AI\platform-tools-latest-windows\platform-tools;D:\Program Files\School\lingo;D:\Program Files\Front-End\nodejs\8.9.1;D:\Program Files\Front-End\nodejs\6.10.3;D:\AD\System;D:\Program Files\python27;D:\Program Files\python27\Scripts;D:\Program Files\Front-End\Microsoft VS Code\bin;C:\Users\hasee\AppData\Local\Programs\Python\Python35\Scripts;C:\Users\hasee\AppData\Local\Programs\Python\Python35;C:\Users\hasee\AppData\Local\Yarn\bin;D:\Program Files\Front-End\Microsoft VS Code\bin;D:\Program Files\Front-End\nvm;C:\Program Files\nodejs;C:\Users\hasee\AppData\Roaming\npm;D:\Program Files\School\Fiddler;D:\Program Files\Front-End\Git\usr\bin\vendor_perl;D:\Program Files\Front-End\Git\usr\bin\core_perl
10 verbose lifecycle 01create-react-app@1.0.0~start: CWD: F:\Front-End\react\react-study\01create-react-app
11 silly lifecycle 01create-react-app@1.0.0~start: Args: [ '/d /s /c', 'webpack-dev-server' ]
12 silly lifecycle 01create-react-app@1.0.0~start: Returned: code: 1  signal: null
13 info lifecycle 01create-react-app@1.0.0~start: Failed to exec start script
14 verbose stack Error: 01create-react-app@1.0.0 start: `webpack-dev-server`
14 verbose stack Exit status 1
14 verbose stack     at EventEmitter.<anonymous> (C:\Users\hasee\AppData\Roaming\npm\node_modules\cnpm\node_modules\npm\lib\utils\lifecycle.js:255:16)
14 verbose stack     at emitTwo (events.js:126:13)
14 verbose stack     at EventEmitter.emit (events.js:214:7)
14 verbose stack     at ChildProcess.<anonymous> (C:\Users\hasee\AppData\Roaming\npm\node_modules\cnpm\node_modules\npm\lib\utils\spawn.js:40:14)
14 verbose stack     at emitTwo (events.js:126:13)
14 verbose stack     at ChildProcess.emit (events.js:214:7)
14 verbose stack     at maybeClose (internal/child_process.js:925:16)
14 verbose stack     at Process.ChildProcess._handle.onexit (internal/child_process.js:209:5)
15 verbose pkgid 01create-react-app@1.0.0
16 verbose cwd F:\Front-End\react\react-study\01create-react-app
17 error Windows_NT 6.1.7601
18 error argv "D:\\Program Files\\Front-End\\nodejs\\8.9.1\\node.exe" "C:\\Users\\hasee\\AppData\\Roaming\\npm\\node_modules\\cnpm\\node_modules\\npm\\bin\\npm-cli.js" "--userconfig=C:\\Users\\hasee\\.cnpmrc" "--disturl=https://npm.taobao.org/mirrors/node" "--registry=https://registry.npm.taobao.org" "start"
19 error node v8.9.1
20 error npm  v3.10.10
21 error code ELIFECYCLE
22 error 01create-react-app@1.0.0 start: `webpack-dev-server`
22 error Exit status 1
23 error Failed at the 01create-react-app@1.0.0 start script 'webpack-dev-server'.
23 error Make sure you have the latest version of node.js and npm installed.
23 error If you do, this is most likely a problem with the 01create-react-app package,
23 error not with npm itself.
23 error Tell the author that this fails on your system:
23 error     webpack-dev-server
23 error You can get information on how to open an issue for this project with:
23 error     npm bugs 01create-react-app
23 error Or if that isn't available, you can get their info via:
23 error     npm owner ls 01create-react-app
23 error There is likely additional logging output above.
24 verbose exit [ 1, true ]
